Cadence Genus(TM) Synthesis Solution.
Copyright 2022 Cadence Design Systems, Inc. All rights reserved worldwide.
Cadence and the Cadence logo are registered trademarks and Genus is a trademark
of Cadence Design Systems, Inc. in the United States and other countries.

[10:14:11.121153] Configured Lic search path (21.01-s002): 5280@cadence-encsrv

Version: 21.14-s082_1, built Thu Jun 23 02:02:08 PDT 2022
Options: 
Date:    Tue Mar 17 10:14:11 2026
Host:    encmitcadpc30 (x86_64 w/Linux 4.18.0-425.3.1.el8.x86_64) (20cores*28cpus*1physical cpu*Intel(R) Core(TM) i7-14700 33792KB) (15867500KB)
PID:     226314
OS:      Red Hat Enterprise Linux release 8.7 (Ootpa)


[10:14:11.507035] Periodic Lic check successful
[10:14:11.507043] Feature usage summary:
[10:14:11.507043] Genus_Synthesis
Checking out license: Genus_Synthesis


***********************************************************************************************************
***********************************************************************************************************



Loading tool scripts...
Finished loading tool scripts (3 seconds elapsed).

WARNING: This version of the tool is 1362 days old.
@genus:root: 1> source pipeline4b4.tcl
File 'pipeline4b4.tcl' does not exist.
@genus:root: 2> source pipelined4b4.tcl
Sourcing './pipelined4b4.tcl' (Tue Mar 17 10:14:51 IST 2026)...
#@ Begin verbose source ./pipelined4b4.tcl
@file(pipelined4b4.tcl) 1: read_libs /home/install/FOUNDRY/digital/90nm/dig/lib/slow.lib

Threads Configured:3

  Message Summary for Library slow.lib:
  *************************************
  Missing a function attribute in the output pin definition. [LBR-518]: 1
  Missing library level attribute. [LBR-516]: 1
  *************************************
 
Info    : Created nominal operating condition. [LBR-412]
        : Operating condition '_nominal_' was created for the PVT values (1.000000, 0.900000, 125.000000) in library 'slow.lib'.
        : The nominal operating condition is represented, either by the nominal PVT values specified in the library source (via nom_process,nom_voltage and nom_temperature respectively), or by the default PVT values (1.0,1.0,1.0).
@file(pipelined4b4.tcl) 2: read_hdl pipeline4b4.v
Warning : Cannot open file. [VLOGPT-650]
        : File 'pipeline4b4.v'.
        : The specified file could not be opened.  Check the value of the init_hdl_search_path attribute.
@file(pipelined4b4.tcl) 3: elaborate
  Library has 324 usable logic and 128 usable sequential lib-cells.
UM:   flow.cputime  flow.realtime  timing.setup.tns  timing.setup.wns  snapshot
UM:*                                                                   elaborate
@file(pipelined4b4.tcl) 4: read_sdc pipeline4b4.sdc
#@ End verbose source ./pipelined4b4.tcl
Design not exist for read_sdc
@genus:root: 3> source pipelined4b4.tcl
Sourcing './pipelined4b4.tcl' (Tue Mar 17 10:16:26 IST 2026)...
#@ Begin verbose source ./pipelined4b4.tcl
@file(pipelined4b4.tcl) 1: read_libs /home/install/FOUNDRY/digital/90nm/dig/lib/slow.lib
#@ End verbose source ./pipelined4b4.tcl
Cannot use read_libs after read_mmmc
