Cadence Genus(TM) Synthesis Solution.
Copyright 2022 Cadence Design Systems, Inc. All rights reserved worldwide.
Cadence and the Cadence logo are registered trademarks and Genus is a trademark
of Cadence Design Systems, Inc. in the United States and other countries.

[10:02:02.121129] Configured Lic search path (21.01-s002): 5280@cadence-encsrv

Version: 21.14-s082_1, built Thu Jun 23 02:02:08 PDT 2022
Options: 
Date:    Tue Mar 17 10:02:02 2026
Host:    encmitcadpc30 (x86_64 w/Linux 4.18.0-425.3.1.el8.x86_64) (20cores*28cpus*1physical cpu*Intel(R) Core(TM) i7-14700 33792KB) (15867500KB)
PID:     223281
OS:      Red Hat Enterprise Linux release 8.7 (Ootpa)


[10:02:02.337602] Periodic Lic check successful
[10:02:02.337609] Feature usage summary:
[10:02:02.337609] Genus_Synthesis
Checking out license: Genus_Synthesis


***********************************************************************************************************
***********************************************************************************************************



Loading tool scripts...
Finished loading tool scripts (3 seconds elapsed).

WARNING: This version of the tool is 1362 days old.
@genus:root: 1> source parallel4b4.tcl
Sourcing './parallel4b4.tcl' (Tue Mar 17 10:02:28 IST 2026)...
#@ Begin verbose source ./parallel4b4.tcl
@file(parallel4b4.tcl) 1: read_libs /home/install/FOUNDRY/digital/90nm/dig/lib/slow.lib

Threads Configured:3

  Message Summary for Library slow.lib:
  *************************************
  Missing a function attribute in the output pin definition. [LBR-518]: 1
  Missing library level attribute. [LBR-516]: 1
  *************************************
 
Info    : Created nominal operating condition. [LBR-412]
        : Operating condition '_nominal_' was created for the PVT values (1.000000, 0.900000, 125.000000) in library 'slow.lib'.
        : The nominal operating condition is represented, either by the nominal PVT values specified in the library source (via nom_process,nom_voltage and nom_temperature respectively), or by the default PVT values (1.0,1.0,1.0).
@file(parallel4b4.tcl) 2: read_hdl parallel4b4.v
@file(parallel4b4.tcl) 3: elaborate
  Library has 324 usable logic and 128 usable sequential lib-cells.
Info    : Elaborating Design. [ELAB-1]
        : Elaborating top-level block 'parallel' from file 'parallel4b4.v'.
Warning : Using default parameter value for module elaboration. [CDFG-818]
        : Elaborating block 'parallel' with default parameters value.
Info    : Done Elaborating Design. [ELAB-3]
        : Done elaborating 'parallel'.
Checking for analog nets...
Check completed for analog nets.
Checking for source RTL...
Check completed for source RTL.
Running Unified Mux Engine Tricks...
Completed Unified Mux Engine Tricks

Stage: post_elab
--------------------------------------------------------
| Trick             | Accepts | Rejects | Runtime (ms) | 
--------------------------------------------------------
| ume_constant_bmux |       0 |       0 |         0.00 | 
--------------------------------------------------------
Starting clip mux common data inputs [v1.0] (stage: post_elab, startdef: parallel, recur: true)
Completed clip mux common data inputs (accepts: 0, rejects: 0, runtime: 0.000s)
Starting clip the non-user hierarchies [v2.0] (stage: post_elab, startdef: parallel, recur: true)
Completed clip the non-user hierarchies (accepts: 0, rejects: 0, runtime: 0.000s)

Stage: post_elab
---------------------------------------------------------
| Transform          | Accepts | Rejects | Runtime (ms) | 
---------------------------------------------------------
| hlo_clip_mux_input |       0 |       0 |         0.00 | 
| hlo_clip           |       0 |       0 |         0.00 | 
---------------------------------------------------------
UM:   flow.cputime  flow.realtime  timing.setup.tns  timing.setup.wns  snapshot
UM:*                                                                   elaborate
@file(parallel4b4.tcl) 4: read_sdc parallel4b4.sdc
Warning : Unsupported SDC command option. [SDC-201] [set_input_delay]
        : The set_input_delay command is not supported on ports which have a clock already defined 'port:parallel/clk'.
        : The current version does not support this SDC command option.  However, future versions may be enhanced to support this option.
Statistics for commands executed by read_sdc:
 "all_inputs"               - successful      3 , failed      0 (runtime  0.00)
 "all_outputs"              - successful      2 , failed      0 (runtime  0.00)
 "create_clock"             - successful      1 , failed      0 (runtime  0.00)
 "current_design"           - successful      1 , failed      0 (runtime  0.00)
 "get_clocks"               - successful      2 , failed      0 (runtime  0.00)
 "get_ports"                - successful      3 , failed      0 (runtime  0.00)
 "set_clock_transition"     - successful      2 , failed      0 (runtime  0.00)
 "set_clock_uncertainty"    - successful      1 , failed      0 (runtime  0.00)
 "set_input_delay"          - successful      1 , failed      0 (runtime  0.00)
 "set_input_transition"     - successful      2 , failed      0 (runtime  0.01)
 "set_load"                 - successful      1 , failed      0 (runtime  0.00)
 "set_max_capacitance"      - successful      1 , failed      0 (runtime  0.00)
 "set_max_fanout"           - successful      1 , failed      0 (runtime  0.00)
 "set_output_delay"         - successful      1 , failed      0 (runtime  0.00)
read_sdc completed in 00:00:00 (hh:mm:ss)
@file(parallel4b4.tcl) 5: set_db syn_generic_effort medium
  Setting attribute of root '/': 'syn_generic_effort' = medium
@file(parallel4b4.tcl) 6: set_db syn_map_effort medium
  Setting attribute of root '/': 'syn_map_effort' = medium
@file(parallel4b4.tcl) 7: set_db syn_opt_effort medium
  Setting attribute of root '/': 'syn_opt_effort' = medium
@file(parallel4b4.tcl) 8: syn_generic

Stage: pre_early_cg
------------------------------------------------
| Transform | Accepts | Rejects | Runtime (ms) | 
------------------------------------------------
------------------------------------------------
##Generic Timing Info for library domain: _default_ typical gate delay: 127.0 ps std_slew: 15.5 ps std_load: 7.0 fF
Starting mux data reorder optimization [v1.0] (stage: pre_to_gen_setup, startdef: parallel, recur: true)
Completed mux data reorder optimization (accepts: 0, rejects: 0, runtime: 0.000s)

Stage: pre_to_gen_setup
------------------------------------------------------
| Transform       | Accepts | Rejects | Runtime (ms) | 
------------------------------------------------------
| hlo_mux_reorder |       0 |       0 |         0.00 | 
------------------------------------------------------
Info    : Synthesizing. [SYNTH-1]
        : Synthesizing 'parallel' to generic gates using 'medium' effort.
PBS_Generic-Start - Elapsed_Time 0, CPU_Time 0.0
stamp 'PBS_Generic-Start' being created for table 'pbs_debug'

  Total Time (Wall) |  Stage Time (Wall)  |   % (Wall)   |    Date - Time     |  Memory   | Stage
--------------------+---------------------+--------------+--------------------+-----------+----------------------
 00:00:05(00:00:25) |  00:00:00(00:00:00) |   0.0(  0.0) |   10:02:29 (Mar17) |  458.4 MB | PBS_Generic-Start
--------------------+---------------------+--------------+--------------------+-----------+----------------------
Number of threads: 8 * 1   (id: pbs_debug, time_info v1.57)
Info: (*N*) indicates data that was populated from previously saved time_info database
Info: CPU time includes time of parent + longest thread
TNS Restructuring config: no_value at stage: generic applied.
Info    : Partition Based Synthesis execution skipped. [PHYS-752]
        : Design size is less than the partition size '100000' for distributed generic optimization to kick in.
Starting mux data reorder optimization [v1.0] (stage: pre_to_gen_setup, startdef: parallel, recur: true)
Completed mux data reorder optimization (accepts: 0, rejects: 0, runtime: 0.001s)

Stage: pre_to_gen_setup
------------------------------------------------------
| Transform       | Accepts | Rejects | Runtime (ms) | 
------------------------------------------------------
| hlo_mux_reorder |       0 |       0 |         1.00 | 
------------------------------------------------------
Starting mux data reorder optimization [v1.0] (stage: post_to_gen_setup, startdef: parallel, recur: true)
Completed mux data reorder optimization (accepts: 0, rejects: 0, runtime: 0.000s)

Stage: post_to_gen_setup
------------------------------------------------------
| Transform       | Accepts | Rejects | Runtime (ms) | 
------------------------------------------------------
| hlo_mux_reorder |       0 |       0 |         0.00 | 
------------------------------------------------------
Running Unified Mux Engine Tricks...
Completed Unified Mux Engine Tricks

Stage: pre_hlo_rtlopt
--------------------------------------------
| Trick | Accepts | Rejects | Runtime (ms) | 
--------------------------------------------
--------------------------------------------
Starting infer macro optimization [v1.0] (stage: pre_rtlopt, startdef: parallel, recur: true)
Completed infer macro optimization (accepts: 0, rejects: 0, runtime: 0.003s)
Starting decode mux sandwich optimization [v2.0] (stage: pre_rtlopt, startdef: parallel, recur: true)
Completed decode mux sandwich optimization (accepts: 0, rejects: 0, runtime: 0.000s)
Starting decode mux optimization [v1.0] (stage: pre_rtlopt, startdef: parallel, recur: true)
Completed decode mux optimization (accepts: 0, rejects: 0, runtime: 0.000s)
Starting chop wide muxes [v1.0] (stage: pre_rtlopt, startdef: parallel, recur: true)
Completed chop wide muxes (accepts: 0, rejects: 0, runtime: 0.000s)
Starting common data mux cascade opt [v1.0] (stage: pre_rtlopt, startdef: parallel, recur: true)
Completed common data mux cascade opt (accepts: 0, rejects: 0, runtime: 0.000s)
Starting mux input consolidation [v1.0] (stage: pre_rtlopt, startdef: parallel, recur: true)
Completed mux input consolidation (accepts: 0, rejects: 0, runtime: 0.000s)
Starting constant-data mux optimization [v1.0] (stage: pre_rtlopt, startdef: parallel, recur: true)
Completed constant-data mux optimization (accepts: 0, rejects: 0, runtime: 0.000s)
Starting chain-to-tree inequality transform [v2.0] (stage: pre_rtlopt, startdef: parallel, recur: true)
Completed chain-to-tree inequality transform (accepts: 0, rejects: 0, runtime: 0.004s)
Starting reconvergence optimization [v1.0] (stage: pre_rtlopt, startdef: parallel, recur: true)
Completed reconvergence optimization (accepts: 0, rejects: 0, runtime: 0.000s)
Starting logic restructure optimization [v1.0] (stage: pre_rtlopt, startdef: parallel, recur: true)
Completed logic restructure optimization (accepts: 0, rejects: 0, runtime: 0.000s)
Starting common select mux optimization [v1.0] (stage: pre_rtlopt, startdef: parallel, recur: true)
Completed common select mux optimization (accepts: 0, rejects: 0, runtime: 0.000s)
Starting identity transform [v3.0] (stage: pre_rtlopt, startdef: parallel, recur: true)
Completed identity transform (accepts: 0, rejects: 0, runtime: 0.001s)
Starting reduce operator chain [v1.0] (stage: pre_rtlopt, startdef: parallel, recur: true)
Completed reduce operator chain (accepts: 0, rejects: 0, runtime: 0.000s)
Starting common data mux cascade opt [v1.0] (stage: pre_rtlopt, startdef: parallel, recur: true)
Completed common data mux cascade opt (accepts: 0, rejects: 0, runtime: 0.000s)
Starting mux input consolidation [v1.0] (stage: pre_rtlopt, startdef: parallel, recur: true)
Completed mux input consolidation (accepts: 0, rejects: 0, runtime: 0.000s)
Starting optimize datapath elements [v1.0] (stage: pre_rtlopt, startdef: parallel, recur: true)
Completed optimize datapath elements (accepts: 0, rejects: 0, runtime: 0.000s)
Starting datapath recasting [v1.0] (stage: pre_rtlopt, startdef: parallel, recur: true)
Completed datapath recasting (accepts: 0, rejects: 0, runtime: 0.000s)
Starting clip mux common data inputs [v1.0] (stage: pre_rtlopt, startdef: parallel, recur: true)
Completed clip mux common data inputs (accepts: 0, rejects: 0, runtime: 0.000s)
Starting clip the non-user hierarchies [v2.0] (stage: pre_rtlopt, startdef: parallel, recur: true)
Completed clip the non-user hierarchies (accepts: 0, rejects: 0, runtime: 0.000s)

Stage: pre_rtlopt
----------------------------------------------------------------
| Transform                 | Accepts | Rejects | Runtime (ms) | 
----------------------------------------------------------------
| hlo_infer_macro           |       0 |       0 |         3.00 | 
| hlo_decode_mux_sandwich   |       0 |       0 |         0.00 | 
| hlo_mux_decode            |       0 |       0 |         0.00 | 
| hlo_chop_mux              |       0 |       0 |         0.00 | 
| hlo_mux_cascade_opt       |       0 |       0 |         0.00 | 
| hlo_mux_consolidation     |       0 |       0 |         0.00 | 
| hlo_constant_mux_opt      |       0 |       0 |         0.00 | 
| hlo_inequality_transform  |       0 |       0 |         4.00 | 
| hlo_reconv_opt            |       0 |       0 |         0.00 | 
| hlo_restructure           |       0 |       0 |         0.00 | 
| hlo_common_select_muxopto |       0 |       0 |         0.00 | 
| hlo_identity_transform    |       0 |       0 |         1.00 | 
| hlo_reduce_operator_chain |       0 |       0 |         0.00 | 
| hlo_mux_cascade_opt       |       0 |       0 |         0.00 | 
| hlo_mux_consolidation     |       0 |       0 |         0.00 | 
| hlo_optimize_datapath     |       0 |       0 |         0.00 | 
| hlo_datapath_recast       |       0 |       0 |         0.00 | 
| hlo_clip_mux_input        |       0 |       0 |         0.00 | 
| hlo_clip                  |       0 |       0 |         0.00 | 
----------------------------------------------------------------
Running Unified Mux Engine Tricks...
Completed Unified Mux Engine Tricks

Stage: post_hlo_rtlopt
--------------------------------------------------
| Trick       | Accepts | Rejects | Runtime (ms) | 
--------------------------------------------------
| ume_runtime |       0 |       0 |         0.00 | 
--------------------------------------------------
Number of big hc bmuxes before = 0
Info    : Pre-processed datapath logic. [DPOPT-6]
        : No pre-processing optimizations applied to datapath logic in 'parallel'.
Info    : Optimizing datapath logic. [DPOPT-1]
        : Optimizing datapath logic in 'parallel'.
Info    : Implementing datapath configurations. [DPOPT-3]
        : Implementing datapath configurations for 'CDN_DP_region_0_0'
CSAGen Prep Share:0 Re-Write:0 Speculation: 0
MaxCSA: Successfully built Maximal CSA Expression Expr0
CDN_DP_region_0_0 level = 0 loads = 0 drivers = 0
CDN_DP_region_0_0_c0 in parallel: area: 64573464160 ,dp = 112 mux = 0 sg = slow         worst_clk_period: -1.0000 
    wns: 12382  norm_wns:  -1.0000 
    fail_endp: -1 
    tns:  915984  tns_per_endp:  -1.0000   norm_tns_per_endp:  -1.0000 
    tns_sense_max:  -1.0000  tns_sense_avg:  -1.0000   tns_sense_num: -1
 skipped
CDN_DP_region_0_0_c1 in parallel: area: 52488827200 ,dp = 16 mux = 0 sg = fast         worst_clk_period: -1.0000 
    wns: 7764  norm_wns:  -1.0000 
    fail_endp: -1 
    tns:  486144  tns_per_endp:  -1.0000   norm_tns_per_endp:  -1.0000 
    tns_sense_max:  -1.0000  tns_sense_avg:  -1.0000   tns_sense_num: -1
 is current best
CDN_DP_region_0_0_c2 in parallel: area: 52488827200 ,dp = 16 mux = 0 sg = very_slow    worst_clk_period: -1.0000 
    wns: 7764  norm_wns:  -1.0000 
    fail_endp: -1 
    tns:  486144  tns_per_endp:  -1.0000   norm_tns_per_endp:  -1.0000 
    tns_sense_max:  -1.0000  tns_sense_avg:  -1.0000   tns_sense_num: -1
 is current best
CDN_DP_region_0_0_c3 in parallel: area: 52488827200 ,dp = 16 mux = 0 sg = very_fast    worst_clk_period: -1.0000 
    wns: 7764  norm_wns:  -1.0000 
    fail_endp: -1 
    tns:  486144  tns_per_endp:  -1.0000   norm_tns_per_endp:  -1.0000 
    tns_sense_max:  -1.0000  tns_sense_avg:  -1.0000   tns_sense_num: -1
 is current best
CDN_DP_region_0_0_c4 in parallel: area: 52488827200 ,dp = 16 mux = 0 sg = very_fast    worst_clk_period: -1.0000 
    wns: 7764  norm_wns:  -1.0000 
    fail_endp: -1 
    tns:  486144  tns_per_endp:  -1.0000   norm_tns_per_endp:  -1.0000 
    tns_sense_max:  -1.0000  tns_sense_avg:  -1.0000   tns_sense_num: -1
 is current best
CDN_DP_region_0_0_c5 in parallel: area: 52488827200 ,dp = 16 mux = 0 sg = very_fast    worst_clk_period: -1.0000 
    wns: 7764  norm_wns:  -1.0000 
    fail_endp: -1 
    tns:  486144  tns_per_endp:  -1.0000   norm_tns_per_endp:  -1.0000 
    tns_sense_max:  -1.0000  tns_sense_avg:  -1.0000   tns_sense_num: -1
 is current best
CDN_DP_region_0_0_c6 in parallel: area: 52488827200 ,dp = 16 mux = 0 sg = very_fast    worst_clk_period: -1.0000 
    wns: 7764  norm_wns:  -1.0000 
    fail_endp: -1 
    tns:  486144  tns_per_endp:  -1.0000   norm_tns_per_endp:  -1.0000 
    tns_sense_max:  -1.0000  tns_sense_avg:  -1.0000   tns_sense_num: -1
 is current best
CDN_DP_region_0_0_c7 in parallel: area: 56456006000 ,dp = 16 mux = 0 sg = very_fast    worst_clk_period: -1.0000 
    wns: 7764  norm_wns:  -1.0000 
    fail_endp: -1 
    tns:  486144  tns_per_endp:  -1.0000   norm_tns_per_endp:  -1.0000 
    tns_sense_max:  -1.0000  tns_sense_avg:  -1.0000   tns_sense_num: -1

Best config: CDN_DP_region_0_0_c6 in parallel: area: 52488827200 ,dp = 16 mux = 0 sg = very_fast    worst_clk_period: -1.0000 
    wns: 7764  norm_wns:  -1.0000 
    fail_endp: -1 
    tns:  486144  tns_per_endp:  -1.0000   norm_tns_per_endp:  -1.0000 
    tns_sense_max:  -1.0000  tns_sense_avg:  -1.0000   tns_sense_num: -1
  Smallest config area : 52488827200.  Fastest config wns;  7764
##>+----------------------------------------------------------------------------------------------------------------------------------------------------------------+
##>Summary table of configs (Best config is CDN_DP_region_0_0_c6)
##>+----------------------------------------------------------------------------------------------------------------------------------------------------------------+
##>                     0                  1                  2                  3                  4                  5                  6                  7            
##>+----------------------------------------------------------------------------------------------------------------------------------------------------------------+
##>           Area      64573464160        52488827200        52488827200        52488827200        52488827200        52488827200        52488827200        56456006000  
##>            WNS         -1238.20            -776.40            -776.40            -776.40            -776.40            -776.40            -776.40            -776.40  
##>            TNS           915984             486144             486144             486144             486144             486144             486144             486144  
##>    Num Rewrite                0                 16                 16                 16                 16                 16                 16                  0  
##>     Num Factor                0                  0                  0                  0                  0                  0                  0                  0  
##>      Num Share                0                  0                  0                  0                  0                  0                  0                  0  
##>   Num CmultCse                0                  0                  0                  0                  0                  0                  0                  0  
##>   Num Downsize                0                  0                  0                  0                  0                  0                  0                  0  
##>  Num Speculate                0                  0                  0                  0                  0                  0                  0                  0  
##>     Runtime(s)                0                  0                  0                  0                  0                  0                  0                  4  
+----------------------------------------------------------------------------------------------------------------------------------------------------------------+
##>
##>
##>+------------------------------------------------------------------------------------------------------------------------------------------------------------+
##>Optimization Step DEBUG Table for config CDN_DP_region_0_0_c6
##>
##>                          Step                        Area   ( % Chg)        WNS (Change)        TNS (Change)          Runtime (s)        Comment                   
##>+------------------------------------------------------------------------------------------------------------------------------------------------------------+
##>createMaxCarrySave              START            64573464160 (      )    107372944.20 (        )             0 (        )              
##> datapath_rewrite_one_def       START            64573464160 ( +0.00)    107372944.20 (   +0.00)             0 (       0)              
##>  fast_cse_elim                 START            64573464160 ( +0.00)    107372944.20 (   +0.00)             0 (       0)              
##>                                  END            64573464160 ( +0.00)    107372944.20 (   +0.00)             0 (       0)           0  
##>  fast_cse_elim                 START            64573464160 ( +0.00)    107372944.20 (   +0.00)             0 (       0)              
##>                                  END            64573464160 ( +0.00)    107372944.20 (   +0.00)             0 (       0)           0  
##>                                  END            64573464160 ( +0.00)    107372944.20 (   +0.00)             0 (       0)           0  
##> dpopt_share_one_def            START            64573464160 ( +0.00)    107372944.20 (   +0.00)             0 (       0)              
##>                                  END            64573464160 ( +0.00)    107372944.20 (   +0.00)             0 (       0)           0  
##> csa_opto                       START            64573464160 ( +0.00)    214748364.70 (+107375420.50)             0 (       0)              
##>                                  END            52427793680 (-18.81)    214748364.70 (   +0.00)             0 (       0)           0  
##>                                  END            52427793680 (-18.81)    214748364.70 (+107375420.50)             0 (       0)           0  
##>canonicalize_by_names           START            52427793680 ( +0.00)    214748364.70 (   +0.00)             0 (       0)              
##>                                  END            52427793680 ( +0.00)    214748364.70 (   +0.00)             0 (       0)           0  
##>datapath_rewrite_post_csa_one_  START            52427793680 ( +0.00)    214748364.70 (   +0.00)             0 (       0)              
##> rewrite                        START            52427793680 ( +0.00)    214748364.70 (   +0.00)             0 (       0)              (a,ar) csa_add_and_inc_v2 --> csa_add_ci
##>                                  END            52431608275 ( +0.01)    214748364.70 (   +0.00)             0 (       0)           0  
##> rewrite                        START            52431608275 ( +0.00)    214748364.70 (   +0.00)             0 (       0)              (a,ar) csa_add_and_inc_v2 --> csa_add_ci
##>                                  END            52435422870 ( +0.01)    214748364.70 (   +0.00)             0 (       0)           0  
##> rewrite                        START            52435422870 ( +0.00)    214748364.70 (   +0.00)             0 (       0)              (a,ar) csa_add_and_inc_v2 --> csa_add_ci
##>                                  END            52439237465 ( +0.01)    214748364.70 (   +0.00)             0 (       0)           0  
##> rewrite                        START            52439237465 ( +0.00)    214748364.70 (   +0.00)             0 (       0)              (a,ar) csa_add_and_inc_v2 --> csa_add_ci
##>                                  END            52443052060 ( +0.01)    214748364.70 (   +0.00)             0 (       0)           0  
##> rewrite                        START            52443052060 ( +0.00)    214748364.70 (   +0.00)             0 (       0)              (a,ar) csa_add_and_inc_v2 --> csa_add_ci
##>                                  END            52446866655 ( +0.01)    214748364.70 (   +0.00)             0 (       0)           0  
##> rewrite                        START            52446866655 ( +0.00)    214748364.70 (   +0.00)             0 (       0)              (a,ar) csa_add_and_inc_v2 --> csa_add_ci
##>                                  END            52450681250 ( +0.01)    214748364.70 (   +0.00)             0 (       0)           0  
##> rewrite                        START            52450681250 ( +0.00)    214748364.70 (   +0.00)             0 (       0)              (a,ar) csa_add_and_inc_v2 --> csa_add_ci
##>                                  END            52454495845 ( +0.01)    214748364.70 (   +0.00)             0 (       0)           0  
##> rewrite                        START            52454495845 ( +0.00)    214748364.70 (   +0.00)             0 (       0)              (a,ar) csa_add_and_inc_v2 --> csa_add_ci
##>                                  END            52458310440 ( +0.01)    214748364.70 (   +0.00)             0 (       0)           0  
##> rewrite                        START            52458310440 ( +0.00)    214748364.70 (   +0.00)             0 (       0)              (a,ar) csa_add_and_inc_v2 --> csa_add_ci
##>                                  END            52462125035 ( +0.01)    214748364.70 (   +0.00)             0 (       0)           0  
##> rewrite                        START            52462125035 ( +0.00)    214748364.70 (   +0.00)             0 (       0)              (a,ar) csa_add_and_inc_v2 --> csa_add_ci
##>                                  END            52465939630 ( +0.01)    214748364.70 (   +0.00)             0 (       0)           0  
##> rewrite                        START            52465939630 ( +0.00)    214748364.70 (   +0.00)             0 (       0)              (a,ar) csa_add_and_inc_v2 --> csa_add_ci
##>                                  END            52469754225 ( +0.01)    214748364.70 (   +0.00)             0 (       0)           0  
##> rewrite                        START            52469754225 ( +0.00)    214748364.70 (   +0.00)             0 (       0)              (a,ar) csa_add_and_inc_v2 --> csa_add_ci
##>                                  END            52473568820 ( +0.01)    214748364.70 (   +0.00)             0 (       0)           0  
##> rewrite                        START            52473568820 ( +0.00)    214748364.70 (   +0.00)             0 (       0)              (a,ar) csa_add_and_inc_v2 --> csa_add_ci
##>                                  END            52477383415 ( +0.01)    214748364.70 (   +0.00)             0 (       0)           0  
##> rewrite                        START            52477383415 ( +0.00)    214748364.70 (   +0.00)             0 (       0)              (a,ar) csa_add_and_inc_v2 --> csa_add_ci
##>                                  END            52481198010 ( +0.01)    214748364.70 (   +0.00)             0 (       0)           0  
##> rewrite                        START            52481198010 ( +0.00)    214748364.70 (   +0.00)             0 (       0)              (a,ar) csa_add_and_inc_v2 --> csa_add_ci
##>                                  END            52485012605 ( +0.01)    214748364.70 (   +0.00)             0 (       0)           0  
##> rewrite                        START            52485012605 ( +0.00)    214748364.70 (   +0.00)             0 (       0)              (a,ar) csa_add_and_inc_v2 --> csa_add_ci
##>                                  END            52488827200 ( +0.01)    214748364.70 (   +0.00)             0 (       0)           0  
##>                                  END            52488827200 ( +0.12)    214748364.70 (   +0.00)             0 (       0)           0  
##>datapath_csa_factoring_one_gde  START            52488827200 ( +0.00)    214748364.70 (   +0.00)             0 (       0)              
##>                                  END            52488827200 ( +0.00)    214748364.70 (   +0.00)             0 (       0)           0  
##>dpopt_share_one_def             START            52488827200 ( +0.00)    214748364.70 (   +0.00)             0 (       0)              
##>                                  END            52488827200 ( +0.00)    214748364.70 (   +0.00)             0 (       0)           0  
##>datapath_rewrite_post_share     START            52488827200 ( +0.00)    214748364.70 (   +0.00)             0 (       0)              
##>                                  END            52488827200 ( +0.00)    214748364.70 (   +0.00)             0 (       0)           0  
##>dp_combine_const_mult_with_com  START            52488827200 ( +0.00)    214748364.70 (   +0.00)             0 (       0)              
##>                                  END            52488827200 ( +0.00)    214748364.70 (   +0.00)             0 (       0)           0  
##>dp_operator_level_decompositio  START            52488827200 ( +0.00)    214748364.70 (   +0.00)             0 (       0)              
##>                                  END            52488827200 ( +0.00)    214748364.70 (   +0.00)             0 (       0)           0  
##>selective_flatten_dp_config     START            52488827200 ( +0.00)    214748364.70 (   +0.00)             0 (       0)              
##>                                  END            52488827200 ( +0.00)    214748364.70 (   +0.00)             0 (       0)           0  
##>createMaxCarrySave              START            52488827200 ( +0.00)    214748364.70 (   +0.00)             0 (       0)              
##> datapath_rewrite_one_def       START            52488827200 ( +0.00)    214748364.70 (   +0.00)             0 (       0)              
##>  fast_cse_elim                 START            52488827200 ( +0.00)    214748364.70 (   +0.00)             0 (       0)              
##>                                  END            52488827200 ( +0.00)    214748364.70 (   +0.00)             0 (       0)           0  
##>  fast_cse_elim                 START            52488827200 ( +0.00)    214748364.70 (   +0.00)             0 (       0)              
##>                                  END            52488827200 ( +0.00)    214748364.70 (   +0.00)             0 (       0)           0  
##>                                  END            52488827200 ( +0.00)    214748364.70 (   +0.00)             0 (       0)           0  
##> dpopt_share_one_def            START            52488827200 ( +0.00)    214748364.70 (   +0.00)             0 (       0)              
##>                                  END            52488827200 ( +0.00)    214748364.70 (   +0.00)             0 (       0)           0  
##> csa_opto                       START            52488827200 ( +0.00)    214748364.70 (   +0.00)             0 (       0)              
##>                                  END            52488827200 ( +0.00)    214748364.70 (   +0.00)             0 (       0)           0  
##>                                  END            52488827200 ( +0.00)    214748364.70 (   +0.00)             0 (       0)           0  
##>datapath_rewrite_post_csa_one_  START            52488827200 ( +0.00)    214748364.70 (   +0.00)             0 (       0)              
##>                                  END            52488827200 ( +0.00)    214748364.70 (   +0.00)             0 (       0)           0  
##>datapath_csa_factoring_one_gde  START            52488827200 ( +0.00)    214748364.70 (   +0.00)             0 (       0)              
##>                                  END            52488827200 ( +0.00)    214748364.70 (   +0.00)             0 (       0)           0  
##>dpopt_share_one_def             START            52488827200 ( +0.00)    214748364.70 (   +0.00)             0 (       0)              
##>                                  END            52488827200 ( +0.00)    214748364.70 (   +0.00)             0 (       0)           0  
##>datapath_rewrite_post_share     START            52488827200 ( +0.00)    214748364.70 (   +0.00)             0 (       0)              
##>                                  END            52488827200 ( +0.00)    214748364.70 (   +0.00)             0 (       0)           0  
##>dp_combine_const_mult_with_com  START            52488827200 ( +0.00)    214748364.70 (   +0.00)             0 (       0)              
##>                                  END            52488827200 ( +0.00)    214748364.70 (   +0.00)             0 (       0)           0  
##>dp_operator_level_decompositio  START            52488827200 ( +0.00)    214748364.70 (   +0.00)             0 (       0)              
##>                                  END            52488827200 ( +0.00)    214748364.70 (   +0.00)             0 (       0)           0  
##>selective_flatten_dp_config     START            52488827200 ( +0.00)    214748364.70 (   +0.00)             0 (       0)              
##>                                  END            52488827200 ( +0.00)    214748364.70 (   +0.00)             0 (       0)           0  
##>createMaxCarrySave              START            52488827200 ( +0.00)    214748364.70 (   +0.00)             0 (       0)              
##> datapath_rewrite_one_def       START            52488827200 ( +0.00)    214748364.70 (   +0.00)             0 (       0)              
##>  fast_cse_elim                 START            52488827200 ( +0.00)    214748364.70 (   +0.00)             0 (       0)              
##>                                  END            52488827200 ( +0.00)    214748364.70 (   +0.00)             0 (       0)           0  
##>  fast_cse_elim                 START            52488827200 ( +0.00)    214748364.70 (   +0.00)             0 (       0)              
##>                                  END            52488827200 ( +0.00)    214748364.70 (   +0.00)             0 (       0)           0  
##>                                  END            52488827200 ( +0.00)    214748364.70 (   +0.00)             0 (       0)           0  
##> dpopt_share_one_def            START            52488827200 ( +0.00)    214748364.70 (   +0.00)             0 (       0)              
##>                                  END            52488827200 ( +0.00)    214748364.70 (   +0.00)             0 (       0)           0  
##> csa_opto                       START            52488827200 ( +0.00)    214748364.70 (   +0.00)             0 (       0)              
##>                                  END            52488827200 ( +0.00)    214748364.70 (   +0.00)             0 (       0)           0  
##>                                  END            52488827200 ( +0.00)    214748364.70 (   +0.00)             0 (       0)           0  
##>context_based_simplify          START            52488827200 ( +0.00)    214748364.70 (   +0.00)             0 (       0)              
##>                                  END            52488827200 ( +0.00)    214748364.70 (   +0.00)             0 (       0)           0  
##>group_csa_final_adder_dp        START            52488827200 ( +0.00)    214748364.70 (   +0.00)             0 (       0)              
##>                                  END            52488827200 ( +0.00)    214748364.70 (   +0.00)             0 (       0)           0  
##>dpopt_flatten_critical_muxes_i  START            52488827200 ( +0.00)    214748364.70 (   +0.00)             0 (       0)              
##>                                  END            52488827200 ( +0.00)    214748364.70 (   +0.00)             0 (       0)           0  
##>create_score                    START            52488827200 ( +0.00)     -776.40 (-214749141.10)        486144 (  486144)              
##>                                  END            52488827200 ( +0.00)     -776.40 (   +0.00)        486144 (       0)           0  
##>+------------------------------------------------------------------------------------------------------------------------------------------------------------+
Committed config: CDN_DP_region_0_0_c6
Info    : Done implementing datapath configurations. [DPOPT-4]
        : Selected 'very_fast' configuration 6 for module 'CDN_DP_region_0_0'.
          Optimizations applied to 'very_fast' configuration:
            rewriting(16), factoring(0), sharing(0), cmultcse(0), downsizing(0), speculation(0)
Info    : Done optimizing datapath logic. [DPOPT-2]
        : Done optimizing datapath logic in 'parallel'.
Number of big hc bmuxes after = 0
Starting logic reduction [v1.0] (stage: post_rtlopt, startdef: parallel, recur: true)
Completed logic reduction (accepts: 0, rejects: 0, runtime: 0.001s)
Starting mux data reorder optimization [v1.0] (stage: post_rtlopt, startdef: parallel, recur: true)
Completed mux data reorder optimization (accepts: 0, rejects: 0, runtime: 0.000s)

Stage: post_rtlopt
----------------------------------------------------------
| Transform           | Accepts | Rejects | Runtime (ms) | 
----------------------------------------------------------
| hlo_logic_reduction |       0 |       0 |         1.00 | 
| hlo_mux_reorder     |       0 |       0 |         0.00 | 
----------------------------------------------------------
Starting mux speculation [v1.0] (stage: post_muxopt, startdef: parallel, recur: true)
Starting speculation optimization
Completed speculation optimization (accepts:0)
Completed mux speculation (accepts: 0, rejects: 0, runtime: 0.066s)

Stage: post_muxopt
------------------------------------------------------
| Transform       | Accepts | Rejects | Runtime (ms) | 
------------------------------------------------------
| hlo_speculation |       0 |       0 |        66.00 | 
------------------------------------------------------
==================================
Stage : to_generic 
==================================
  =================
   Message Summary
  =================
--------------------------------------------------------------------------------
|    Id     |  Sev   |Count |                  Message Text                    |
--------------------------------------------------------------------------------
| CDFG-250  |Info    |    4 |Processing multi-dimensional arrays.              |
| CDFG-372  |Info    |   65 |Bitwidth mismatch in assignment.                  |
|           |        |      |Review and make sure the mismatch is              |
|           |        |      | unintentional. Genus can possibly issue bitwidth |
|           |        |      | mismatch warning for explicit assignments        |
|           |        |      | present in RTL as-well-as for implicit           |
|           |        |      | assignments inferred by the tool. For example,   |
|           |        |      | in case of enum declaration without value, the   |
|           |        |      | tool will implicitly assign value to the enum    |
|           |        |      | variables. It also issues the warning for any    |
|           |        |      | bitwidth mismatch that appears in this implicit  |
|           |        |      | assignment.                                      |
| CDFG-818  |Warning |    1 |Using default parameter value for module          |
|           |        |      | elaboration.                                     |
| CWD-19    |Info    |  496 |An implementation was inferred.                   |
| DPOPT-1   |Info    |    1 |Optimizing datapath logic.                        |
| DPOPT-2   |Info    |    1 |Done optimizing datapath logic.                   |
| DPOPT-3   |Info    |    1 |Implementing datapath configurations.             |
| DPOPT-4   |Info    |    1 |Done implementing datapath configurations.        |
| DPOPT-6   |Info    |    1 |Pre-processed datapath logic.                     |
| ELAB-1    |Info    |    1 |Elaborating Design.                               |
| ELAB-3    |Info    |    1 |Done Elaborating Design.                          |
| GB-6      |Info    |  256 |A datapath component has been ungrouped.          |
| LBR-41    |Info    |    1 |An output library pin lacks a function attribute. |
|           |        |      |If the remainder of this library cell's semantic  |
|           |        |      | checks are successful, it will be considered as  |
|           |        |      | a timing-model                                   |
|           |        |      | (because one of its outputs does not have a vali |
|           |        |      | d function.                                      |
| LBR-155   |Info    |  372 |Mismatch in unateness between 'timing_sense'      |
|           |        |      | attribute and the function.                      |
|           |        |      |The 'timing_sense' attribute will be respected.   |
| LBR-161   |Info    |    1 |Setting the maximum print count of this message   |
|           |        |      | to 10 if information_level is less than 9.       |
| LBR-162   |Info    |  124 |Both 'pos_unate' and 'neg_unate' timing_sense     |
|           |        |      | arcs have been processed.                        |
|           |        |      |Setting the 'timing_sense' to non_unate.          |
| LBR-170   |Info    |   32 |Ignoring specified timing sense.                  |
|           |        |      |Timing sense should never be set with             |
|           |        |      | 'rising_edge' or 'falling_edge' timing type.     |
| LBR-412   |Info    |    1 |Created nominal operating condition.              |
|           |        |      |The nominal operating condition is represented,   |
|           |        |      | either by the nominal PVT values specified in    |
|           |        |      | the library source                               |
|           |        |      | (via nom_process,nom_voltage and nom_temperature |
|           |        |      | respectively)                                    |
|           |        |      | , or by the default PVT values (1.0,1.0,1.0).    |
| LBR-516   |Info    |    1 |Missing library level attribute.                  |
| LBR-518   |Info    |    1 |Missing a function attribute in the output pin    |
|           |        |      | definition.                                      |
| PHYS-752  |Info    |    1 |Partition Based Synthesis execution skipped.      |
| RTLOPT-40 |Info    |    6 |Transformed datapath macro.                       |
| SDC-201   |Warning |    1 |Unsupported SDC command option.                   |
|           |        |      |The current version does not support this SDC     |
|           |        |      | command option.  However, future versions may be |
|           |        |      | enhanced to support this option.                 |
| SYNTH-1   |Info    |    1 |Synthesizing.                                     |
| TIM-1000  |Info    |    1 |Multimode clock gating check is disabled.         |
--------------------------------------------------------------------------------
Mapper: Libraries have:
	domain _default_: 324 combo usable cells and 128 sequential usable cells
Multi-threaded constant propagation [1|0] ...
Multi-threaded Virtual Mapping    (8 threads per ST process, 8 of 28 CPUs usable)
 
Global mapping target info
==========================
Cost Group 'clk' target slack:  -676 ps
Target path end-point (Pin: C_reg[120]/d)


State Retention Synthesis Status
================================

Category                        Flops   Percentage
--------------------------------------------------
Total instances                   128        100.0
Excluded from State Retention     128        100.0
    - Will not convert            128        100.0
      - Preserved                   0          0.0
      - Power intent excluded     128        100.0
    - Could not convert             0          0.0
      - Scan type                   0          0.0
      - No suitable cell            0          0.0
State Retention instances           0          0.0
--------------------------------------------------

PBS_Generic_Opt-Post - Elapsed_Time 15, CPU_Time 13.853781999999999
stamp 'PBS_Generic_Opt-Post' being created for table 'pbs_debug'

  Total Time (Wall) |  Stage Time (Wall)  |   % (Wall)   |    Date - Time     |  Memory   | Stage
--------------------+---------------------+--------------+--------------------+-----------+----------------------
 00:00:05(00:00:25) |  00:00:00(00:00:00) |   0.0(  0.0) |   10:02:29 (Mar17) |  458.4 MB | PBS_Generic-Start
--------------------+---------------------+--------------+--------------------+-----------+----------------------
 00:00:18(00:00:40) |  00:00:13(00:00:15) | 100.0(100.0) |   10:02:44 (Mar17) |  839.9 MB | PBS_Generic_Opt-Post
--------------------+---------------------+--------------+--------------------+-----------+----------------------
Number of threads: 8 * 1   (id: pbs_debug, time_info v1.57)
Info: (*N*) indicates data that was populated from previously saved time_info database
Info: CPU time includes time of parent + longest thread
PBS_Generic-Postgen HBO Optimizations - Elapsed_Time 0, CPU_Time 0.0
stamp 'PBS_Generic-Postgen HBO Optimizations' being created for table 'pbs_debug'

  Total Time (Wall) |  Stage Time (Wall)  |   % (Wall)   |    Date - Time     |  Memory   | Stage
--------------------+---------------------+--------------+--------------------+-----------+----------------------
 00:00:05(00:00:25) |  00:00:00(00:00:00) |   0.0(  0.0) |   10:02:29 (Mar17) |  458.4 MB | PBS_Generic-Start
--------------------+---------------------+--------------+--------------------+-----------+----------------------
 00:00:18(00:00:40) |  00:00:13(00:00:15) | 100.0(100.0) |   10:02:44 (Mar17) |  839.9 MB | PBS_Generic_Opt-Post
--------------------+---------------------+--------------+--------------------+-----------+----------------------
 00:00:18(00:00:40) |  00:00:00(00:00:00) |   0.0(  0.0) |   10:02:44 (Mar17) |  839.9 MB | PBS_Generic-Postgen HBO Optimizations
--------------------+---------------------+--------------+--------------------+-----------+----------------------
Number of threads: 8 * 1   (id: pbs_debug, time_info v1.57)
Info: (*N*) indicates data that was populated from previously saved time_info database
Info: CPU time includes time of parent + longest thread
##>=================== Cadence Confidential (Generic-Logical) ===================
##>=================== Cadence Confidential (Generic-Logical) ===================
##>Main Thread Summary:
##>----------------------------------------------------------------------------------------
##>STEP                           Elapsed       WNS       TNS     Insts      Area    Memory
##>----------------------------------------------------------------------------------------
##>G:Initial                            0         -         -      9168     67991       458
##>G:Setup                              0         -         -         -         -         -
##>G:Launch ST                          0         -         -         -         -         -
##>G:Design Partition                   0         -         -         -         -         -
##>G:Create Partition Netlists          0         -         -         -         -         -
##>G:Init Power                         0         -         -         -         -         -
##>G:Budgeting                          0         -         -         -         -         -
##>G:Derenv-DB                          0         -         -         -         -         -
##>G:Debug Outputs                      0         -         -         -         -         -
##>G:ST loading                         0         -         -         -         -         -
##>G:Distributed                        0         -         -         -         -         -
##>G:Timer                              0         -         -         -         -         -
##>G:Assembly                           0         -         -         -         -         -
##>G:DFT                                0         -         -         -         -         -
##>G:Const Prop                         0         -         -      9840     77512       839
##>G:Misc                              15
##>----------------------------------------------------------------------------------------
##>Total Elapsed                       15
##>========================================================================================
Info    : Done synthesizing. [SYNTH-2]
        : Done synthesizing 'parallel' to generic gates.
      flow.cputime  flow.realtime  timing.setup.tns  timing.setup.wns  snapshot
UM:*                                                                   syn_gen
@file(parallel4b4.tcl) 9: syn_map
##Generic Timing Info for library domain: _default_ typical gate delay: 127.0 ps std_slew: 15.5 ps std_load: 7.0 fF
Info    : Mapping. [SYNTH-4]
        : Mapping 'parallel' using 'medium' effort.
Mapper: Libraries have:
	domain _default_: 324 combo usable cells and 128 sequential usable cells
Configuring mapper costing (none)
TNS Restructuring config: no_value at stage: map applied.
PBS_TechMap-Start - Elapsed_Time 0, CPU_Time 0.0
stamp 'PBS_TechMap-Start' being created for table 'pbs_debug'

  Total Time (Wall) |  Stage Time (Wall)  |   % (Wall)   |    Date - Time     |  Memory   | Stage
--------------------+---------------------+--------------+--------------------+-----------+----------------------
 00:00:05(00:00:25) |  00:00:00(00:00:00) |   0.0(  0.0) |   10:02:29 (Mar17) |  458.4 MB | PBS_Generic-Start
--------------------+---------------------+--------------+--------------------+-----------+----------------------
 00:00:18(00:00:40) |  00:00:13(00:00:15) |  93.3(100.0) |   10:02:44 (Mar17) |  839.9 MB | PBS_Generic_Opt-Post
--------------------+---------------------+--------------+--------------------+-----------+----------------------
 00:00:18(00:00:40) |  00:00:00(00:00:00) |   0.0(  0.0) |   10:02:44 (Mar17) |  839.9 MB | PBS_Generic-Postgen HBO Optimizations
--------------------+---------------------+--------------+--------------------+-----------+----------------------
 00:00:19(00:00:40) |  00:00:01(00:00:00) |   6.7(  0.0) |   10:02:44 (Mar17) |  839.9 MB | PBS_TechMap-Start
--------------------+---------------------+--------------+--------------------+-----------+----------------------
Number of threads: 8 * 1   (id: pbs_debug, time_info v1.57)
Info: (*N*) indicates data that was populated from previously saved time_info database
Info: CPU time includes time of parent + longest thread
PBS_TechMap-Premap HBO Optimizations - Elapsed_Time 0, CPU_Time 0.0
stamp 'PBS_TechMap-Premap HBO Optimizations' being created for table 'pbs_debug'

  Total Time (Wall) |  Stage Time (Wall)  |   % (Wall)   |    Date - Time     |  Memory   | Stage
--------------------+---------------------+--------------+--------------------+-----------+----------------------
 00:00:05(00:00:25) |  00:00:00(00:00:00) |   0.0(  0.0) |   10:02:29 (Mar17) |  458.4 MB | PBS_Generic-Start
--------------------+---------------------+--------------+--------------------+-----------+----------------------
 00:00:18(00:00:40) |  00:00:13(00:00:15) |  93.3(100.0) |   10:02:44 (Mar17) |  839.9 MB | PBS_Generic_Opt-Post
--------------------+---------------------+--------------+--------------------+-----------+----------------------
 00:00:18(00:00:40) |  00:00:00(00:00:00) |   0.0(  0.0) |   10:02:44 (Mar17) |  839.9 MB | PBS_Generic-Postgen HBO Optimizations
--------------------+---------------------+--------------+--------------------+-----------+----------------------
 00:00:19(00:00:40) |  00:00:01(00:00:00) |   6.7(  0.0) |   10:02:44 (Mar17) |  839.9 MB | PBS_TechMap-Start
--------------------+---------------------+--------------+--------------------+-----------+----------------------
 00:00:19(00:00:40) |  00:00:00(00:00:00) |   0.0(  0.0) |   10:02:44 (Mar17) |  839.9 MB | PBS_TechMap-Premap HBO Optimizations
--------------------+---------------------+--------------+--------------------+-----------+----------------------
Number of threads: 8 * 1   (id: pbs_debug, time_info v1.57)
Info: (*N*) indicates data that was populated from previously saved time_info database
Info: CPU time includes time of parent + longest thread
Info    : Partition Based Synthesis execution skipped. [PHYS-752]
        : Design size is less than the partition size '100000' for distributed mapping optimization to kick in.
Mapper: Libraries have:
	domain _default_: 324 combo usable cells and 128 sequential usable cells
Multi-threaded Virtual Mapping    (8 threads per ST process, 8 of 28 CPUs usable)
==================================
Stage : first_condense 
==================================
  =================
   Message Summary
  =================
-----------------------------------------------------------------------
|    Id    |Sev  |Count |                Message Text                 |
-----------------------------------------------------------------------
| PHYS-752 |Info |    1 |Partition Based Synthesis execution skipped. |
| SYNTH-2  |Info |    1 |Done synthesizing.                           |
| SYNTH-4  |Info |    1 |Mapping.                                     |
-----------------------------------------------------------------------
 
Global mapping target info
==========================
Cost Group 'clk' target slack:  -698 ps
Target path end-point (Pin: C_reg[120]/d)

Multi-threaded Technology Mapping (8 threads per ST process, 8 of 28 CPUs usable)
 
Global mapping status
=====================
                                   Group   
                                  Tot Wrst 
                           Total  Weighted 
Operation                   Area   Slacks  
 global_map                48294    -1005 
            Worst cost_group: clk, WNS: -1005.6
            Path: B[32] --> C_reg[0]/D

    Cost Group            Target    Slack    Diff.  Constr.
-----------------------------------------------------------
           clk              -698    -1006     -11%     2000 

 
Global incremental target info
==============================
Cost Group 'clk' target slack:  -978 ps
Target path end-point (Pin: C_reg[120]/D (DFFTRX1/D))

==================================
Stage : global_incr_map 
==================================
  =================
   Message Summary
  =================
---------------------------------------------------------------------
|  Id  |Sev  |Count |                 Message Text                  |
---------------------------------------------------------------------
| PA-7 |Info |   34 |Resetting power analysis results.              |
|      |     |      |All computed switching activities are removed. |
---------------------------------------------------------------------
 
Global incremental optimization status
======================================
                                   Group   
                                  Tot Wrst 
                           Total  Weighted 
Operation                   Area   Slacks  
 global_incr               33133     -991 
            Worst cost_group: clk, WNS: -991.8
            Path: A[15] --> C_reg[0]/D

    Cost Group            Target    Slack    Diff.  Constr.
-----------------------------------------------------------
           clk              -978     -992      +0%     2000 


State Retention Synthesis Status
================================

Category                        Flops   Percentage
--------------------------------------------------
Total instances                   128        100.0
Excluded from State Retention     128        100.0
    - Will not convert            128        100.0
      - Preserved                   0          0.0
      - Power intent excluded     128        100.0
    - Could not convert             0          0.0
      - Scan type                   0          0.0
      - No suitable cell            0          0.0
State Retention instances           0          0.0
--------------------------------------------------

INFO: skipping constant propagation
PBS_Techmap-Global Mapping - Elapsed_Time 13, CPU_Time 13.054398000000017
stamp 'PBS_Techmap-Global Mapping' being created for table 'pbs_debug'

  Total Time (Wall) |  Stage Time (Wall)  |   % (Wall)   |    Date - Time     |  Memory   | Stage
--------------------+---------------------+--------------+--------------------+-----------+----------------------
 00:00:05(00:00:25) |  00:00:00(00:00:00) |   0.0(  0.0) |   10:02:29 (Mar17) |  458.4 MB | PBS_Generic-Start
--------------------+---------------------+--------------+--------------------+-----------+----------------------
 00:00:18(00:00:40) |  00:00:13(00:00:15) |  49.6( 53.6) |   10:02:44 (Mar17) |  839.9 MB | PBS_Generic_Opt-Post
--------------------+---------------------+--------------+--------------------+-----------+----------------------
 00:00:18(00:00:40) |  00:00:00(00:00:00) |   0.0(  0.0) |   10:02:44 (Mar17) |  839.9 MB | PBS_Generic-Postgen HBO Optimizations
--------------------+---------------------+--------------+--------------------+-----------+----------------------
 00:00:19(00:00:40) |  00:00:01(00:00:00) |   3.6(  0.0) |   10:02:44 (Mar17) |  839.9 MB | PBS_TechMap-Start
--------------------+---------------------+--------------+--------------------+-----------+----------------------
 00:00:19(00:00:40) |  00:00:00(00:00:00) |   0.0(  0.0) |   10:02:44 (Mar17) |  839.9 MB | PBS_TechMap-Premap HBO Optimizations
--------------------+---------------------+--------------+--------------------+-----------+----------------------
 00:00:32(00:00:53) |  00:00:13(00:00:13) |  46.8( 46.4) |   10:02:57 (Mar17) |  841.4 MB | PBS_Techmap-Global Mapping
--------------------+---------------------+--------------+--------------------+-----------+----------------------
Number of threads: 8 * 1   (id: pbs_debug, time_info v1.57)
Info: (*N*) indicates data that was populated from previously saved time_info database
Info: CPU time includes time of parent + longest thread
Warning : Command 'commit_power_intent' cannot proceed as there is no power intent loaded. [CPI-506]
        : Command 'commit_power_intent' requires a valid power_intent to be loaded.
Info    : Wrote formal verification information. [CFM-5]
        : Wrote 'fv/parallel/fv_map.fv.json' for netlist 'fv/parallel/fv_map.v.gz'.
Info    : Wrote dofile. [CFM-1]
        : Dofile is 'fv/parallel/rtl_to_fv_map.do'.
        : Alias mapping flow is enabled.
PBS_TechMap-Datapath Postmap Operations - Elapsed_Time 0, CPU_Time -0.025278000000000134
stamp 'PBS_TechMap-Datapath Postmap Operations' being created for table 'pbs_debug'

  Total Time (Wall) |  Stage Time (Wall)  |   % (Wall)   |    Date - Time     |  Memory   | Stage
--------------------+---------------------+--------------+--------------------+-----------+----------------------
 00:00:05(00:00:25) |  00:00:00(00:00:00) |   0.0(  0.0) |   10:02:29 (Mar17) |  458.4 MB | PBS_Generic-Start
--------------------+---------------------+--------------+--------------------+-----------+----------------------
 00:00:18(00:00:40) |  00:00:13(00:00:15) |  49.7( 53.6) |   10:02:44 (Mar17) |  839.9 MB | PBS_Generic_Opt-Post
--------------------+---------------------+--------------+--------------------+-----------+----------------------
 00:00:18(00:00:40) |  00:00:00(00:00:00) |   0.0(  0.0) |   10:02:44 (Mar17) |  839.9 MB | PBS_Generic-Postgen HBO Optimizations
--------------------+---------------------+--------------+--------------------+-----------+----------------------
 00:00:19(00:00:40) |  00:00:01(00:00:00) |   3.6(  0.0) |   10:02:44 (Mar17) |  839.9 MB | PBS_TechMap-Start
--------------------+---------------------+--------------+--------------------+-----------+----------------------
 00:00:19(00:00:40) |  00:00:00(00:00:00) |   0.0(  0.0) |   10:02:44 (Mar17) |  839.9 MB | PBS_TechMap-Premap HBO Optimizations
--------------------+---------------------+--------------+--------------------+-----------+----------------------
 00:00:32(00:00:53) |  00:00:13(00:00:13) |  46.8( 46.4) |   10:02:57 (Mar17) |  841.4 MB | PBS_Techmap-Global Mapping
--------------------+---------------------+--------------+--------------------+-----------+----------------------
 00:00:32(00:00:53) |  00:00:00(00:00:00) |  -0.1(  0.0) |   10:02:57 (Mar17) |  841.4 MB | PBS_TechMap-Datapath Postmap Operations
--------------------+---------------------+--------------+--------------------+-----------+----------------------
Number of threads: 8 * 1   (id: pbs_debug, time_info v1.57)
Info: (*N*) indicates data that was populated from previously saved time_info database
Info: CPU time includes time of parent + longest thread
PBS_TechMap-Postmap HBO Optimizations - Elapsed_Time 0, CPU_Time -0.027161000000006652
stamp 'PBS_TechMap-Postmap HBO Optimizations' being created for table 'pbs_debug'

  Total Time (Wall) |  Stage Time (Wall)  |   % (Wall)   |    Date - Time     |  Memory   | Stage
--------------------+---------------------+--------------+--------------------+-----------+----------------------
 00:00:05(00:00:25) |  00:00:00(00:00:00) |   0.0(  0.0) |   10:02:29 (Mar17) |  458.4 MB | PBS_Generic-Start
--------------------+---------------------+--------------+--------------------+-----------+----------------------
 00:00:18(00:00:40) |  00:00:13(00:00:15) |  49.7( 53.6) |   10:02:44 (Mar17) |  839.9 MB | PBS_Generic_Opt-Post
--------------------+---------------------+--------------+--------------------+-----------+----------------------
 00:00:18(00:00:40) |  00:00:00(00:00:00) |   0.0(  0.0) |   10:02:44 (Mar17) |  839.9 MB | PBS_Generic-Postgen HBO Optimizations
--------------------+---------------------+--------------+--------------------+-----------+----------------------
 00:00:19(00:00:40) |  00:00:01(00:00:00) |   3.6(  0.0) |   10:02:44 (Mar17) |  839.9 MB | PBS_TechMap-Start
--------------------+---------------------+--------------+--------------------+-----------+----------------------
 00:00:19(00:00:40) |  00:00:00(00:00:00) |   0.0(  0.0) |   10:02:44 (Mar17) |  839.9 MB | PBS_TechMap-Premap HBO Optimizations
--------------------+---------------------+--------------+--------------------+-----------+----------------------
 00:00:32(00:00:53) |  00:00:13(00:00:13) |  46.9( 46.4) |   10:02:57 (Mar17) |  841.4 MB | PBS_Techmap-Global Mapping
--------------------+---------------------+--------------+--------------------+-----------+----------------------
 00:00:32(00:00:53) |  00:00:00(00:00:00) |  -0.1(  0.0) |   10:02:57 (Mar17) |  841.4 MB | PBS_TechMap-Datapath Postmap Operations
--------------------+---------------------+--------------+--------------------+-----------+----------------------
 00:00:32(00:00:53) |  00:00:00(00:00:00) |  -0.1(  0.0) |   10:02:57 (Mar17) |  841.4 MB | PBS_TechMap-Postmap HBO Optimizations
--------------------+---------------------+--------------+--------------------+-----------+----------------------
Number of threads: 8 * 1   (id: pbs_debug, time_info v1.57)
Info: (*N*) indicates data that was populated from previously saved time_info database
Info: CPU time includes time of parent + longest thread
 Doing ConstProp on design:parallel ... 

Time taken by ConstProp Step: 00:00:01
PBS_TechMap-Postmap Clock Gating - Elapsed_Time 1, CPU_Time 0.0
stamp 'PBS_TechMap-Postmap Clock Gating' being created for table 'pbs_debug'

  Total Time (Wall) |  Stage Time (Wall)  |   % (Wall)   |    Date - Time     |  Memory   | Stage
--------------------+---------------------+--------------+--------------------+-----------+----------------------
 00:00:05(00:00:25) |  00:00:00(00:00:00) |   0.0(  0.0) |   10:02:29 (Mar17) |  458.4 MB | PBS_Generic-Start
--------------------+---------------------+--------------+--------------------+-----------+----------------------
 00:00:18(00:00:40) |  00:00:13(00:00:15) |  49.7( 51.7) |   10:02:44 (Mar17) |  839.9 MB | PBS_Generic_Opt-Post
--------------------+---------------------+--------------+--------------------+-----------+----------------------
 00:00:18(00:00:40) |  00:00:00(00:00:00) |   0.0(  0.0) |   10:02:44 (Mar17) |  839.9 MB | PBS_Generic-Postgen HBO Optimizations
--------------------+---------------------+--------------+--------------------+-----------+----------------------
 00:00:19(00:00:40) |  00:00:01(00:00:00) |   3.6(  0.0) |   10:02:44 (Mar17) |  839.9 MB | PBS_TechMap-Start
--------------------+---------------------+--------------+--------------------+-----------+----------------------
 00:00:19(00:00:40) |  00:00:00(00:00:00) |   0.0(  0.0) |   10:02:44 (Mar17) |  839.9 MB | PBS_TechMap-Premap HBO Optimizations
--------------------+---------------------+--------------+--------------------+-----------+----------------------
 00:00:32(00:00:53) |  00:00:13(00:00:13) |  46.9( 44.8) |   10:02:57 (Mar17) |  841.4 MB | PBS_Techmap-Global Mapping
--------------------+---------------------+--------------+--------------------+-----------+----------------------
 00:00:32(00:00:53) |  00:00:00(00:00:00) |  -0.1(  0.0) |   10:02:57 (Mar17) |  841.4 MB | PBS_TechMap-Datapath Postmap Operations
--------------------+---------------------+--------------+--------------------+-----------+----------------------
 00:00:32(00:00:53) |  00:00:00(00:00:00) |  -0.1(  0.0) |   10:02:57 (Mar17) |  841.4 MB | PBS_TechMap-Postmap HBO Optimizations
--------------------+---------------------+--------------+--------------------+-----------+----------------------
 00:00:32(00:00:54) |  00:00:00(00:00:01) |   0.0(  3.4) |   10:02:58 (Mar17) |  843.1 MB | PBS_TechMap-Postmap Clock Gating
--------------------+---------------------+--------------+--------------------+-----------+----------------------
Number of threads: 8 * 1   (id: pbs_debug, time_info v1.57)
Info: (*N*) indicates data that was populated from previously saved time_info database
Info: CPU time includes time of parent + longest thread
-------------------------------------------------------------------------------
 hi_fo_buf                 33133     -991    -83782       211        0
            Worst cost_group: clk, WNS: -991.8
            Path: A[15] --> C_reg[0]/D

           Trick     Calls     Accepts   Attempts    Time(secs) 
-----------------------------------------------------------
       hi_fo_buf         0  (        0 /        0 )  0.00

 
Incremental optimization status
===============================
                                   Group   
                                  Tot Wrst     Total - - DRC Totals - -
                           Total  Weighted      Neg       Max     Max  
Operation                   Area   Slacks      Slack      Cap   Fanout 
 init_delay                33133     -991    -83782       211        0
            Worst cost_group: clk, WNS: -991.8
            Path: A[15] --> C_reg[0]/D
 incr_delay                33460     -967    -84233       211        0
            Worst cost_group: clk, WNS: -967.3
            Path: B[32] --> C_reg[0]/D

           Trick     Calls     Accepts   Attempts    Time(secs) 
-----------------------------------------------------------
       crit_upsz       180  (       64 /       64 )  0.10
    plc_bal_star         0  (        0 /        0 )  0.00
     drc_buftimb         0  (        0 /        0 )  0.00
          plc_st        20  (        0 /        0 )  0.00
    plc_st_fence        20  (        0 /        0 )  0.00
        plc_star        20  (        0 /        0 )  0.00
      plc_laf_st        20  (        0 /        0 )  0.00
 plc_laf_st_fence        20  (        0 /        0 )  0.00
     drc_buftims         0  (        0 /        0 )  0.00
            fopt       243  (       80 /       85 )  0.16
   plc_laf_lo_st        20  (        0 /        0 )  0.00
       plc_lo_st        20  (        0 /        0 )  0.00
        mb_split        20  (        0 /        0 )  0.00

 
Local TNS optimization status
=============================
                                   Group   
                                  Tot Wrst     Total - - DRC Totals - -
                           Total  Weighted      Neg       Max     Max  
Operation                   Area   Slacks      Slack      Cap   Fanout 
 init_tns                  33460     -967    -84233       211        0
            Worst cost_group: clk, WNS: -967.3
            Path: B[32] --> C_reg[0]/D
 incr_tns                  33531     -956    -79098       211        0
            Worst cost_group: clk, WNS: -956.6
            Path: B[32] --> C_reg[0]/D

           Trick     Calls     Accepts   Attempts    Time(secs) 
-----------------------------------------------------------
    plc_bal_star         0  (        0 /        0 )  0.00
     drc_buftimb         0  (        0 /        0 )  0.00
     drc_buftims         0  (        0 /        0 )  0.00
       crit_upsz      1437  (      169 /      237 )  0.72
   plc_laf_lo_st      1268  (        0 /        0 )  0.00
       plc_lo_st      1268  (        0 /        0 )  0.00
            fopt      1268  (        0 /        0 )  0.03
       crit_dnsz      1588  (      180 /      372 )  0.68
             dup      1088  (        0 /        0 )  0.03
        setup_dn      1088  (        0 /        0 )  0.04
        mb_split      1088  (        0 /        0 )  0.00

PBS_TechMap-Postmap Cleanup - Elapsed_Time 1, CPU_Time 1.9296270000000106
stamp 'PBS_TechMap-Postmap Cleanup' being created for table 'pbs_debug'

  Total Time (Wall) |  Stage Time (Wall)  |   % (Wall)   |    Date - Time     |  Memory   | Stage
--------------------+---------------------+--------------+--------------------+-----------+----------------------
 00:00:05(00:00:25) |  00:00:00(00:00:00) |   0.0(  0.0) |   10:02:29 (Mar17) |  458.4 MB | PBS_Generic-Start
--------------------+---------------------+--------------+--------------------+-----------+----------------------
 00:00:18(00:00:40) |  00:00:13(00:00:15) |  46.5( 50.0) |   10:02:44 (Mar17) |  839.9 MB | PBS_Generic_Opt-Post
--------------------+---------------------+--------------+--------------------+-----------+----------------------
 00:00:18(00:00:40) |  00:00:00(00:00:00) |   0.0(  0.0) |   10:02:44 (Mar17) |  839.9 MB | PBS_Generic-Postgen HBO Optimizations
--------------------+---------------------+--------------+--------------------+-----------+----------------------
 00:00:19(00:00:40) |  00:00:01(00:00:00) |   3.4(  0.0) |   10:02:44 (Mar17) |  839.9 MB | PBS_TechMap-Start
--------------------+---------------------+--------------+--------------------+-----------+----------------------
 00:00:19(00:00:40) |  00:00:00(00:00:00) |   0.0(  0.0) |   10:02:44 (Mar17) |  839.9 MB | PBS_TechMap-Premap HBO Optimizations
--------------------+---------------------+--------------+--------------------+-----------+----------------------
 00:00:32(00:00:53) |  00:00:13(00:00:13) |  43.8( 43.3) |   10:02:57 (Mar17) |  841.4 MB | PBS_Techmap-Global Mapping
--------------------+---------------------+--------------+--------------------+-----------+----------------------
 00:00:32(00:00:53) |  00:00:00(00:00:00) |  -0.1(  0.0) |   10:02:57 (Mar17) |  841.4 MB | PBS_TechMap-Datapath Postmap Operations
--------------------+---------------------+--------------+--------------------+-----------+----------------------
 00:00:32(00:00:53) |  00:00:00(00:00:00) |  -0.1(  0.0) |   10:02:57 (Mar17) |  841.4 MB | PBS_TechMap-Postmap HBO Optimizations
--------------------+---------------------+--------------+--------------------+-----------+----------------------
 00:00:32(00:00:54) |  00:00:00(00:00:01) |   0.0(  3.3) |   10:02:58 (Mar17) |  843.1 MB | PBS_TechMap-Postmap Clock Gating
--------------------+---------------------+--------------+--------------------+-----------+----------------------
 00:00:34(00:00:55) |  00:00:01(00:00:01) |   6.5(  3.3) |   10:02:59 (Mar17) |  843.1 MB | PBS_TechMap-Postmap Cleanup
--------------------+---------------------+--------------+--------------------+-----------+----------------------
Number of threads: 8 * 1   (id: pbs_debug, time_info v1.57)
Info: (*N*) indicates data that was populated from previously saved time_info database
Info: CPU time includes time of parent + longest thread
PBS_Techmap-Post_MBCI - Elapsed_Time 0, CPU_Time 0.0
stamp 'PBS_Techmap-Post_MBCI' being created for table 'pbs_debug'

  Total Time (Wall) |  Stage Time (Wall)  |   % (Wall)   |    Date - Time     |  Memory   | Stage
--------------------+---------------------+--------------+--------------------+-----------+----------------------
 00:00:05(00:00:25) |  00:00:00(00:00:00) |   0.0(  0.0) |   10:02:29 (Mar17) |  458.4 MB | PBS_Generic-Start
--------------------+---------------------+--------------+--------------------+-----------+----------------------
 00:00:18(00:00:40) |  00:00:13(00:00:15) |  46.5( 50.0) |   10:02:44 (Mar17) |  839.9 MB | PBS_Generic_Opt-Post
--------------------+---------------------+--------------+--------------------+-----------+----------------------
 00:00:18(00:00:40) |  00:00:00(00:00:00) |   0.0(  0.0) |   10:02:44 (Mar17) |  839.9 MB | PBS_Generic-Postgen HBO Optimizations
--------------------+---------------------+--------------+--------------------+-----------+----------------------
 00:00:19(00:00:40) |  00:00:01(00:00:00) |   3.4(  0.0) |   10:02:44 (Mar17) |  839.9 MB | PBS_TechMap-Start
--------------------+---------------------+--------------+--------------------+-----------+----------------------
 00:00:19(00:00:40) |  00:00:00(00:00:00) |   0.0(  0.0) |   10:02:44 (Mar17) |  839.9 MB | PBS_TechMap-Premap HBO Optimizations
--------------------+---------------------+--------------+--------------------+-----------+----------------------
 00:00:32(00:00:53) |  00:00:13(00:00:13) |  43.8( 43.3) |   10:02:57 (Mar17) |  841.4 MB | PBS_Techmap-Global Mapping
--------------------+---------------------+--------------+--------------------+-----------+----------------------
 00:00:32(00:00:53) |  00:00:00(00:00:00) |  -0.1(  0.0) |   10:02:57 (Mar17) |  841.4 MB | PBS_TechMap-Datapath Postmap Operations
--------------------+---------------------+--------------+--------------------+-----------+----------------------
 00:00:32(00:00:53) |  00:00:00(00:00:00) |  -0.1(  0.0) |   10:02:57 (Mar17) |  841.4 MB | PBS_TechMap-Postmap HBO Optimizations
--------------------+---------------------+--------------+--------------------+-----------+----------------------
 00:00:32(00:00:54) |  00:00:00(00:00:01) |   0.0(  3.3) |   10:02:58 (Mar17) |  843.1 MB | PBS_TechMap-Postmap Clock Gating
--------------------+---------------------+--------------+--------------------+-----------+----------------------
 00:00:34(00:00:55) |  00:00:01(00:00:01) |   6.5(  3.3) |   10:02:59 (Mar17) |  843.1 MB | PBS_TechMap-Postmap Cleanup
--------------------+---------------------+--------------+--------------------+-----------+----------------------
 00:00:34(00:00:55) |  00:00:00(00:00:00) |   0.0(  0.0) |   10:02:59 (Mar17) |  843.1 MB | PBS_Techmap-Post_MBCI
--------------------+---------------------+--------------+--------------------+-----------+----------------------
Number of threads: 8 * 1   (id: pbs_debug, time_info v1.57)
Info: (*N*) indicates data that was populated from previously saved time_info database
Info: CPU time includes time of parent + longest thread
##>=================== Cadence Confidential (Mapping-Logical) ===================
##>Main Thread Summary:
##>----------------------------------------------------------------------------------------
##>STEP                           Elapsed       WNS       TNS     Insts      Area    Memory
##>----------------------------------------------------------------------------------------
##>M:Initial                            0         -         -      9840     77512       839
##>M:Pre Cleanup                        0         -         -      9840     77512       839
##>M:Setup                              0         -         -         -         -         -
##>M:Launch ST                          0         -         -         -         -         -
##>M:Design Partition                   0         -         -         -         -         -
##>M:Create Partition Netlists          0         -         -         -         -         -
##>M:Init Power                         0         -         -         -         -         -
##>M:Budgeting                          0         -         -         -         -         -
##>M:Derenv-DB                          0         -         -         -         -         -
##>M:Debug Outputs                      0         -         -         -         -         -
##>M:ST loading                         0         -         -         -         -         -
##>M:Distributed                        0         -         -         -         -         -
##>M:Timer                              0         -         -         -         -         -
##>M:Assembly                           0         -         -         -         -         -
##>M:DFT                                0         -         -         -         -         -
##>M:DP Operations                      0         -         -      5115     33133       841
##>M:Const Prop                         0      -991     83782      5115     33133       841
##>M:Cleanup                            1      -956     79098      5179     33531       843
##>M:MBCI                               0         -         -      5179     33531       843
##>M:Const Gate Removal                 0         -         -         -         -         -
##>M:Misc                              14
##>----------------------------------------------------------------------------------------
##>Total Elapsed                       15
##>========================================================================================
Info    : Done mapping. [SYNTH-5]
        : Done mapping 'parallel'.
      flow.cputime  flow.realtime  timing.setup.tns  timing.setup.wns  snapshot
UM:*                                                                   syn_map
@file(parallel4b4.tcl) 10: syn_opt
Info    : Incrementally optimizing. [SYNTH-7]
        : Incrementally optimizing 'parallel' using 'medium' effort.
 
Incremental optimization status
===============================
                                   Group   
                                  Tot Wrst     Total - - DRC Totals - -
                           Total  Weighted      Neg       Max     Max  
Operation                   Area   Slacks      Slack      Cap   Fanout 
 init_iopt                 33531     -956    -79098       211        0
            Worst cost_group: clk, WNS: -956.6
            Path: B[32] --> C_reg[0]/D
-------------------------------------------------------------------------------
 const_prop                33531     -956    -79098       211        0
            Worst cost_group: clk, WNS: -956.6
            Path: B[32] --> C_reg[0]/D
 simp_cc_inputs            33277     -956    -78996       211        0
            Worst cost_group: clk, WNS: -956.6
            Path: B[32] --> C_reg[0]/D
 
Incremental optimization status
===============================
                                   Group   
                                  Tot Wrst     Total - - DRC Totals - -
                           Total  Weighted      Neg       Max     Max  
Operation                   Area   Slacks      Slack      Cap   Fanout 
 init_delay                33277     -956    -78996       211        0
            Worst cost_group: clk, WNS: -956.6
            Path: B[32] --> C_reg[0]/D
 incr_delay                33568     -951    -78733       211        0
            Worst cost_group: clk, WNS: -951.7
            Path: B[32] --> C_reg[0]/D

           Trick     Calls     Accepts   Attempts    Time(secs) 
-----------------------------------------------------------
       crit_upsz       348  (       96 /       96 )  0.19
    plc_bal_star         0  (        0 /        0 )  0.00
     drc_buftimb         0  (        0 /        0 )  0.00
          plc_st        22  (        0 /        0 )  0.00
    plc_st_fence        22  (        0 /        0 )  0.00
        plc_star        22  (        0 /        0 )  0.00
      plc_laf_st        22  (        0 /        0 )  0.00
 plc_laf_st_fence        22  (        0 /        0 )  0.00
     drc_buftims         0  (        0 /        0 )  0.00
   plc_laf_lo_st        22  (        0 /        0 )  0.00
       plc_lo_st        22  (        0 /        0 )  0.00
            fopt        22  (        0 /        0 )  0.00
       crit_dnsz        48  (        0 /        0 )  0.02
             dup        22  (        0 /        0 )  0.00
            fopt        22  (        0 /        1 )  0.01
        setup_dn        22  (        0 /        0 )  0.00
         buf2inv        22  (        0 /        0 )  0.00
        mb_split        22  (        0 /        0 )  0.00
             exp        11  (        0 /        5 )  0.00
       gate_deco         8  (        0 /        0 )  0.03
       gcomp_tim        14  (        0 /        0 )  0.01
  inv_pair_2_buf       328  (        0 /        0 )  0.00

 init_drc                  33568     -951    -78733       211        0
            Worst cost_group: clk, WNS: -951.7
            Path: B[32] --> C_reg[0]/D

           Trick     Calls     Accepts   Attempts    Time(secs) 
-----------------------------------------------------------
          plc_st         0  (        0 /        0 )  0.00
        plc_star         0  (        0 /        0 )  0.00
        drc_bufs         0  (        0 /        0 )  0.00
        drc_fopt         0  (        0 /        0 )  0.00
        drc_bufb         0  (        0 /        0 )  0.00
      simple_buf         0  (        0 /        0 )  0.00
             dup         0  (        0 /        0 )  0.00
       crit_dnsz         0  (        0 /        0 )  0.00
       crit_upsz         0  (        0 /        0 )  0.00

 incr_max_cap              34294     -951    -78733         0        0
            Worst cost_group: clk, WNS: -951.7
            Path: B[32] --> C_reg[0]/D

           Trick     Calls     Accepts   Attempts    Time(secs) 
-----------------------------------------------------------
          plc_st        64  (        0 /        0 )  0.00
        plc_star        64  (        0 /        0 )  0.00
      drc_buf_sp       128  (        0 /       64 )  0.01
        drc_bufs       128  (       64 /       64 )  0.00
        drc_fopt         0  (        0 /        0 )  0.00
        drc_bufb         0  (        0 /        0 )  0.00
      simple_buf         0  (        0 /        0 )  0.00
             dup         0  (        0 /        0 )  0.00
       crit_dnsz         0  (        0 /        0 )  0.00
       crit_upsz         0  (        0 /        0 )  0.00


           Trick     Calls     Accepts   Attempts    Time(secs) 
-----------------------------------------------------------
          plc_st         0  (        0 /        0 )  0.00
        plc_star         0  (        0 /        0 )  0.00
      drc_buf_sp         0  (        0 /        0 )  0.00
        drc_bufs         0  (        0 /        0 )  0.00
        drc_fopt         0  (        0 /        0 )  0.00
        drc_bufb         0  (        0 /        0 )  0.00
             dup         0  (        0 /        0 )  0.00
       crit_dnsz         0  (        0 /        0 )  0.00
       crit_upsz         0  (        0 /        0 )  0.00

 init_tns                  34294     -951    -78733         0        0
            Worst cost_group: clk, WNS: -951.7
            Path: B[32] --> C_reg[0]/D
 incr_tns                  34310     -951    -78632         0        0
            Worst cost_group: clk, WNS: -951.7
            Path: B[32] --> C_reg[0]/D

           Trick     Calls     Accepts   Attempts    Time(secs) 
-----------------------------------------------------------
    plc_bal_star         0  (        0 /        0 )  0.00
     drc_buftimb         0  (        0 /        0 )  0.00
     drc_buftims         0  (        0 /        0 )  0.00
       crit_upsz       900  (       20 /      100 )  0.47
   plc_laf_lo_st       880  (        0 /        0 )  0.00
       plc_lo_st       880  (        0 /        0 )  0.00
            fopt       880  (        0 /        0 )  0.02
       crit_dnsz      1052  (        0 /       80 )  0.41
             dup       880  (        0 /        0 )  0.02
        setup_dn       880  (        0 /        0 )  0.04
         buf2inv       880  (        0 /        0 )  0.00
        mb_split       880  (        0 /        0 )  0.00

 init_area                 34310     -951    -78632         0        0
            Worst cost_group: clk, WNS: -951.7
            Path: B[32] --> C_reg[0]/D
 rem_buf                   34273     -951    -78632         0        0
            Worst cost_group: clk, WNS: -951.7
            Path: B[32] --> C_reg[0]/D
 rem_inv                   34232     -951    -78630         0        0
            Worst cost_group: clk, WNS: -951.7
            Path: B[32] --> C_reg[0]/D
 gate_comp                 34111     -951    -78630         0        0
            Worst cost_group: clk, WNS: -951.7
            Path: B[32] --> C_reg[0]/D
 glob_area                 34001     -951    -78597         0        0
            Worst cost_group: clk, WNS: -951.7
            Path: B[32] --> C_reg[0]/D
 area_down                 33359     -951    -78597         0        0
            Worst cost_group: clk, WNS: -951.7
            Path: B[32] --> C_reg[0]/D

           Trick     Calls     Accepts   Attempts    Time(secs) 
-----------------------------------------------------------
           undup         0  (        0 /        0 )  0.01
         rem_buf       114  (       16 /       80 )  0.08
         rem_inv        23  (       17 /       18 )  0.02
        merge_bi         6  (        0 /        0 )  0.01
      rem_inv_qb         0  (        0 /        0 )  0.00
        io_phase       112  (        0 /       32 )  0.11
       gate_comp       848  (       64 /      128 )  0.88
       gcomp_mog        48  (        0 /        0 )  0.13
       glob_area        20  (        2 /       20 )  0.20
       area_down       486  (       92 /      248 )  0.74
      size_n_buf         4  (        0 /        0 )  0.02
  gate_deco_area         0  (        0 /        0 )  0.00
         rem_buf        98  (        0 /        0 )  0.05
         rem_inv         4  (        0 /        0 )  0.00
        merge_bi         6  (        0 /        0 )  0.01
      rem_inv_qb         0  (        0 /        0 )  0.00

 
Incremental optimization status
===============================
                                   Group   
                                  Tot Wrst     Total - - DRC Totals - -
                           Total  Weighted      Neg       Max     Max  
Operation                   Area   Slacks      Slack      Cap   Fanout 
 init_delay                33359     -951    -78597         0        0
            Worst cost_group: clk, WNS: -951.7
            Path: B[32] --> C_reg[0]/D

           Trick     Calls     Accepts   Attempts    Time(secs) 
-----------------------------------------------------------
       crit_upsz        11  (        0 /        0 )  0.01
    plc_bal_star         0  (        0 /        0 )  0.00
     drc_buftimb         0  (        0 /        0 )  0.00
          plc_st        11  (        0 /        0 )  0.00
    plc_st_fence        11  (        0 /        0 )  0.00
        plc_star        11  (        0 /        0 )  0.00
      plc_laf_st        11  (        0 /        0 )  0.00
 plc_laf_st_fence        11  (        0 /        0 )  0.00
     drc_buftims         0  (        0 /        0 )  0.00
   plc_laf_lo_st        11  (        0 /        0 )  0.00
       plc_lo_st        11  (        0 /        0 )  0.00
            fopt        11  (        0 /        0 )  0.00
       crit_dnsz        24  (        0 /        0 )  0.01
             dup        11  (        0 /        0 )  0.00
            fopt        11  (        0 /        1 )  0.01
        setup_dn        11  (        0 /        0 )  0.00
         buf2inv        11  (        0 /        0 )  0.00
        mb_split        11  (        0 /        0 )  0.00
             exp         1  (        0 /        1 )  0.00
       gate_deco         4  (        0 /        0 )  0.01
       gcomp_tim        10  (        0 /        0 )  0.01
  inv_pair_2_buf       164  (        0 /        0 )  0.00

 init_drc                  33359     -951    -78597         0        0
            Worst cost_group: clk, WNS: -951.7
            Path: B[32] --> C_reg[0]/D

           Trick     Calls     Accepts   Attempts    Time(secs) 
-----------------------------------------------------------
          plc_st         0  (        0 /        0 )  0.00
        plc_star         0  (        0 /        0 )  0.00
        drc_bufs         0  (        0 /        0 )  0.00
        drc_fopt         0  (        0 /        0 )  0.00
        drc_bufb         0  (        0 /        0 )  0.00
      simple_buf         0  (        0 /        0 )  0.00
             dup         0  (        0 /        0 )  0.00
       crit_dnsz         0  (        0 /        0 )  0.00
       crit_upsz         0  (        0 /        0 )  0.00


           Trick     Calls     Accepts   Attempts    Time(secs) 
-----------------------------------------------------------
          plc_st         0  (        0 /        0 )  0.00
        plc_star         0  (        0 /        0 )  0.00
        drc_bufs         0  (        0 /        0 )  0.00
        drc_fopt         0  (        0 /        0 )  0.00
        drc_bufb         0  (        0 /        0 )  0.00
      simple_buf         0  (        0 /        0 )  0.00
             dup         0  (        0 /        0 )  0.00
       crit_dnsz         0  (        0 /        0 )  0.00
       crit_upsz         0  (        0 /        0 )  0.00


           Trick     Calls     Accepts   Attempts    Time(secs) 
-----------------------------------------------------------
          plc_st         0  (        0 /        0 )  0.00
        plc_star         0  (        0 /        0 )  0.00
        drc_bufs         0  (        0 /        0 )  0.00
        drc_fopt         0  (        0 /        0 )  0.00
        drc_bufb         0  (        0 /        0 )  0.00
             dup         0  (        0 /        0 )  0.00
       crit_dnsz         0  (        0 /        0 )  0.00
       crit_upsz         0  (        0 /        0 )  0.00

 init_area                 33359     -951    -78597         0        0
            Worst cost_group: clk, WNS: -951.7
            Path: B[32] --> C_reg[0]/D
 glob_area                 33286     -951    -78597         0        0
            Worst cost_group: clk, WNS: -951.7
            Path: B[32] --> C_reg[0]/D
 area_down                 33232     -951    -78598         0        0
            Worst cost_group: clk, WNS: -951.7
            Path: B[32] --> C_reg[0]/D

           Trick     Calls     Accepts   Attempts    Time(secs) 
-----------------------------------------------------------
           undup         0  (        0 /        0 )  0.01
         rem_buf        98  (        0 /        0 )  0.05
         rem_inv         4  (        0 /        0 )  0.00
        merge_bi         6  (        0 /        0 )  0.01
      rem_inv_qb         0  (        0 /        0 )  0.00
        io_phase       112  (        0 /       32 )  0.11
       gate_comp       768  (        0 /       64 )  0.78
       gcomp_mog        48  (        0 /        0 )  0.13
       glob_area        20  (        2 /       20 )  0.20
       area_down       474  (       40 /      221 )  0.72
      size_n_buf         0  (        0 /        0 )  0.00
  gate_deco_area         0  (        0 /        0 )  0.00

==================================
Stage : incr_opt 
==================================
  =================
   Message Summary
  =================
--------------------------------------------------------------------------------
|   Id    |  Sev   |Count |                   Message Text                     |
--------------------------------------------------------------------------------
| CFM-1   |Info    |    1 |Wrote dofile.                                       |
| CFM-5   |Info    |    1 |Wrote formal verification information.              |
| CPI-506 |Warning |    1 |Command 'commit_power_intent' cannot proceed as     |
|         |        |      | there is no power intent loaded.                   |
| PA-7    |Info    |    4 |Resetting power analysis results.                   |
|         |        |      |All computed switching activities are removed.      |
| SYNTH-5 |Info    |    1 |Done mapping.                                       |
| SYNTH-7 |Info    |    1 |Incrementally optimizing.                           |
--------------------------------------------------------------------------------
Info    : Done incrementally optimizing. [SYNTH-8]
        : Done incrementally optimizing 'parallel'.
      flow.cputime  flow.realtime  timing.setup.tns  timing.setup.wns  snapshot
UM:*                                                                   syn_opt
@file(parallel4b4.tcl) 11: report_timing > parallel4b4_timing.rep
@file(parallel4b4.tcl) 12: report_area > parallel4b4_area.rep
@file(parallel4b4.tcl) 13: report_power > parallel4b4_pwr.rep
Warning: Library 'slow' found in multiple domains.
Info: Use -domain to uniquify.
Info: Selecting library 'slow' in domain '-1'
Info    : Joules engine is used. [RPT-16]
        : Joules engine is being used for the command report_power.
Info   : ACTP-0001 [ACTPInfo] Activity propagation started for stim#0 netlist
       : parallel
Info   : ACTP-0009 [ACTPInfo] Activity Propagation Progress Report :   0%   1%   2%   3%   4%   5%   6%   7%   8%   9%  10%  11%  12%  13%  14%  15%  16%  17%  18%  19%  20%  21%  22%  23%  24%  25%  26%  27%  28%  29%  30%  31%  32%  33%  34%  35%  36%  37%  38%  39%  40%  41%  42%  43%  44%  45%  46%  47%  48%  49%  50%  51%  52%  53%  54%  55%  56%  57%  58%  59%  60%  61%  62%  63%  64%  65%  66%  67%  68%  69%  70%  71%  72%  73%  74%  75%  76%  77%  78%  79%  80%  81%  82%  83%  84%  85%  86%  87%  88%  89%  90%  91%  92%  93%  94%  95%  96%  97%  98%  99% 100%
Info   : ACTP-0001 Activity propagation ended for stim#0
Info   : PWRA-0001 [PwrInfo] compute_power effective options 
       : -mode : vectorless
       : -skip_propagation : 1
       : -frequency_scaling_factor : 1.0
       : -use_clock_freq : stim
       : -stim :/stim#0
       : -fromGenus : 1
Info   : ACTP-0001 Timing initialization started
Info   : ACTP-0001 Timing initialization ended
Info   : PWRA-0002 [PwrInfo] Skipping activity propagation due to -skip_ap
       : option....
Warning: PWRA-0302 [PwrWarn] Frequency scaling is not applicable for vectorless
       : flow. Ignoring frequency scaling.
Warning: PWRA-0304 [PwrWarn] -stim option is not applicable with vectorless mode
       : of power analysis, ignored this option.
Info   : PWRA-0002 Started 'vectorless' power computation.
Info   : PWRA-0009 [PwrInfo] Power Computation Progress Report :  20%  40%  60%  80% 100%
Info   : PWRA-0002 Finished power computation.
Info   : PWRA-0007 [PwrInfo] Completed successfully.
       : Info=6, Warn=2, Error=0, Fatal=0
Output file: parallel4b4_pwr.rep
@file(parallel4b4.tcl) 14: write_hdl > parallel4b4_net.v
@file(parallel4b4.tcl) 15: write_sdc > parallel4b4_sdc.sdc
Finished SDC export (command execution time mm:ss (real) = 00:00).
@file(parallel4b4.tcl) 16: gui_show 
#@ End verbose source ./parallel4b4.tcl

Lic Summary:
[10:03:44.489993] Cdslmd servers: cadenceserver
[10:03:44.489993] Feature usage summary:
[10:03:44.489994] Genus_Synthesis

Normal exit.